<?xml version="1.0" encoding="UTF-8"?>
<!-- Generated by org.testng.reporters.JUnitReportReporter -->
<testsuite skipped="0" hostname="Vinoth-PC" name="com.walmartlabs.test.functional.Module1.ItemPageTest" tests="3" failures="0" timestamp="29 Apr 2019 01:43:54 GMT" time="76.087" errors="0">
  <testcase name="increaseDecreaseQuantityTest" time="17.976" classname="com.walmartlabs.test.functional.Module1.ItemPageTest"/>
  <testcase name="addItemToFavoriteTest" time="35.646" classname="com.walmartlabs.test.functional.Module1.ItemPageTest"/>
  <testcase name="verifyAddToCartTest" time="22.465" classname="com.walmartlabs.test.functional.Module1.ItemPageTest"/>
</testsuite> <!-- com.walmartlabs.test.functional.Module1.ItemPageTest -->
